<?xml version="1.0" encoding="UTF-8"?>
<!-- Generated by org.testng.reporters.JUnitReportReporter -->
<testsuite skipped="0" hostname="DESKTOP-ONM6UCI" name="tests.LoginPageTest" tests="4" failures="0" timestamp="2020-12-13T22:58:20 ICT" time="10.056" errors="0">
  <testcase name="loginTest" time="4.996" classname="tests.LoginPageTest"/>
  <system-out/>
  <testcase name="loginTest" time="1.672" classname="tests.LoginPageTest"/>
  <system-out/>
  <testcase name="loginTest" time="1.716" classname="tests.LoginPageTest"/>
  <system-out/>
  <testcase name="loginTest" time="1.672" classname="tests.LoginPageTest"/>
  <system-out/>
</testsuite> <!-- tests.LoginPageTest -->
